{"type":"server-started","port":60503,"host":"127.0.0.1","url_host":"localhost","url":"http://localhost:60503","screen_dir":"/Users/ralphzipf/Library/Mobile Documents/com~apple~CloudDocs/Projekte/Spiele/Schnipseljagt/.superpowers/brainstorm/3098-1776598360/content","state_dir":"/Users/ralphzipf/Library/Mobile Documents/com~apple~CloudDocs/Projekte/Spiele/Schnipseljagt/.superpowers/brainstorm/3098-1776598360/state"}
{"type":"screen-added","file":"/Users/ralphzipf/Library/Mobile Documents/com~apple~CloudDocs/Projekte/Spiele/Schnipseljagt/.superpowers/brainstorm/3098-1776598360/content/visual-style.html"}
{"type":"screen-updated","file":"/Users/ralphzipf/Library/Mobile Documents/com~apple~CloudDocs/Projekte/Spiele/Schnipseljagt/.superpowers/brainstorm/3098-1776598360/content/visual-style.html"}
{"type":"screen-updated","file":"/Users/ralphzipf/Library/Mobile Documents/com~apple~CloudDocs/Projekte/Spiele/Schnipseljagt/.superpowers/brainstorm/3098-1776598360/content/visual-style.html"}
{"type":"screen-updated","file":"/Users/ralphzipf/Library/Mobile Documents/com~apple~CloudDocs/Projekte/Spiele/Schnipseljagt/.superpowers/brainstorm/3098-1776598360/content/visual-style.html"}
{"source":"user-event","type":"click","text":"◈ Schnipseljagd ◈\n      \n        🗺️\n        STATION 1\n        Rätsel aktiv\n        4 noch gesperrt\n      \n      \n        \n        \n        \n        \n        \n      \n    \n    \n      C — Mystery & Nacht\n      Dunkelblau, goldene Akzente, leichter Glüh-Effekt. Exit-Game-Stimmung, spannend und geheimnisvoll. Passt gut wenn die Schnipseljagd Abendstimmung haben soll.","choice":"mystery","id":null,"timestamp":1776598455565}
{"type":"screen-added","file":"/Users/ralphzipf/Library/Mobile Documents/com~apple~CloudDocs/Projekte/Spiele/Schnipseljagt/.superpowers/brainstorm/3098-1776598360/content/layout.html"}
{"type":"screen-updated","file":"/Users/ralphzipf/Library/Mobile Documents/com~apple~CloudDocs/Projekte/Spiele/Schnipseljagt/.superpowers/brainstorm/3098-1776598360/content/layout.html"}
{"type":"screen-updated","file":"/Users/ralphzipf/Library/Mobile Documents/com~apple~CloudDocs/Projekte/Spiele/Schnipseljagt/.superpowers/brainstorm/3098-1776598360/content/layout.html"}
{"type":"screen-updated","file":"/Users/ralphzipf/Library/Mobile Documents/com~apple~CloudDocs/Projekte/Spiele/Schnipseljagt/.superpowers/brainstorm/3098-1776598360/content/layout.html"}
{"source":"user-event","type":"click","text":"◈ SCHNIPSELJAGD ◈\n          \n            K\n            M\n            \n            \n            \n          \n          2 von 5 Schnipsel gefunden\n        \n        \n          Station 1 · Zuhause✓\n          Station 2 · Altstadt✓\n          Station 3 · Café\n          Station 4 · Amper\n          Station 5 · Eisdiele\n        \n      \n    \n    \n      A — Hero + Liste\n      Münze oben als Fortschritts-Anzeige, darunter alle 5 Stationen als scrollbare Liste. Klick auf Station → Detail-Ansicht. Einfach, eine Spalte, mobile-freundlich.","choice":"hero-list","id":null,"timestamp":1776598569091}
{"type":"screen-added","file":"/Users/ralphzipf/Library/Mobile Documents/com~apple~CloudDocs/Projekte/Spiele/Schnipseljagt/.superpowers/brainstorm/3098-1776598360/content/coin-design.html"}
{"type":"screen-updated","file":"/Users/ralphzipf/Library/Mobile Documents/com~apple~CloudDocs/Projekte/Spiele/Schnipseljagt/.superpowers/brainstorm/3098-1776598360/content/coin-design.html"}
{"type":"screen-updated","file":"/Users/ralphzipf/Library/Mobile Documents/com~apple~CloudDocs/Projekte/Spiele/Schnipseljagt/.superpowers/brainstorm/3098-1776598360/content/coin-design.html"}
{"type":"screen-updated","file":"/Users/ralphzipf/Library/Mobile Documents/com~apple~CloudDocs/Projekte/Spiele/Schnipseljagt/.superpowers/brainstorm/3098-1776598360/content/coin-design.html"}
{"type":"screen-added","file":"/Users/ralphzipf/Library/Mobile Documents/com~apple~CloudDocs/Projekte/Spiele/Schnipseljagt/.superpowers/brainstorm/3098-1776598360/content/waiting-1.html"}
{"type":"screen-updated","file":"/Users/ralphzipf/Library/Mobile Documents/com~apple~CloudDocs/Projekte/Spiele/Schnipseljagt/.superpowers/brainstorm/3098-1776598360/content/waiting-1.html"}
{"type":"screen-updated","file":"/Users/ralphzipf/Library/Mobile Documents/com~apple~CloudDocs/Projekte/Spiele/Schnipseljagt/.superpowers/brainstorm/3098-1776598360/content/waiting-1.html"}
{"type":"screen-updated","file":"/Users/ralphzipf/Library/Mobile Documents/com~apple~CloudDocs/Projekte/Spiele/Schnipseljagt/.superpowers/brainstorm/3098-1776598360/content/waiting-1.html"}
{"type":"screen-added","file":"/Users/ralphzipf/Library/Mobile Documents/com~apple~CloudDocs/Projekte/Spiele/Schnipseljagt/.superpowers/brainstorm/3098-1776598360/content/arcane-mockup.html"}
{"type":"screen-updated","file":"/Users/ralphzipf/Library/Mobile Documents/com~apple~CloudDocs/Projekte/Spiele/Schnipseljagt/.superpowers/brainstorm/3098-1776598360/content/arcane-mockup.html"}
{"type":"screen-updated","file":"/Users/ralphzipf/Library/Mobile Documents/com~apple~CloudDocs/Projekte/Spiele/Schnipseljagt/.superpowers/brainstorm/3098-1776598360/content/arcane-mockup.html"}
{"type":"screen-updated","file":"/Users/ralphzipf/Library/Mobile Documents/com~apple~CloudDocs/Projekte/Spiele/Schnipseljagt/.superpowers/brainstorm/3098-1776598360/content/arcane-mockup.html"}
{"type":"screen-updated","file":"/Users/ralphzipf/Library/Mobile Documents/com~apple~CloudDocs/Projekte/Spiele/Schnipseljagt/.superpowers/brainstorm/3098-1776598360/content/arcane-mockup.html"}
{"type":"screen-updated","file":"/Users/ralphzipf/Library/Mobile Documents/com~apple~CloudDocs/Projekte/Spiele/Schnipseljagt/.superpowers/brainstorm/3098-1776598360/content/arcane-mockup.html"}
{"type":"screen-updated","file":"/Users/ralphzipf/Library/Mobile Documents/com~apple~CloudDocs/Projekte/Spiele/Schnipseljagt/.superpowers/brainstorm/3098-1776598360/content/arcane-mockup.html"}
{"type":"screen-updated","file":"/Users/ralphzipf/Library/Mobile Documents/com~apple~CloudDocs/Projekte/Spiele/Schnipseljagt/.superpowers/brainstorm/3098-1776598360/content/arcane-mockup.html"}
{"type":"screen-added","file":"/Users/ralphzipf/Library/Mobile Documents/com~apple~CloudDocs/Projekte/Spiele/Schnipseljagt/.superpowers/brainstorm/3098-1776598360/content/coin-shards.html"}
{"type":"screen-updated","file":"/Users/ralphzipf/Library/Mobile Documents/com~apple~CloudDocs/Projekte/Spiele/Schnipseljagt/.superpowers/brainstorm/3098-1776598360/content/coin-shards.html"}
{"type":"screen-updated","file":"/Users/ralphzipf/Library/Mobile Documents/com~apple~CloudDocs/Projekte/Spiele/Schnipseljagt/.superpowers/brainstorm/3098-1776598360/content/coin-shards.html"}
{"type":"screen-updated","file":"/Users/ralphzipf/Library/Mobile Documents/com~apple~CloudDocs/Projekte/Spiele/Schnipseljagt/.superpowers/brainstorm/3098-1776598360/content/coin-shards.html"}
{"type":"screen-added","file":"/Users/ralphzipf/Library/Mobile Documents/com~apple~CloudDocs/Projekte/Spiele/Schnipseljagt/.superpowers/brainstorm/3098-1776598360/content/coin-v2.html"}
{"type":"screen-updated","file":"/Users/ralphzipf/Library/Mobile Documents/com~apple~CloudDocs/Projekte/Spiele/Schnipseljagt/.superpowers/brainstorm/3098-1776598360/content/coin-v2.html"}
{"type":"screen-updated","file":"/Users/ralphzipf/Library/Mobile Documents/com~apple~CloudDocs/Projekte/Spiele/Schnipseljagt/.superpowers/brainstorm/3098-1776598360/content/coin-v2.html"}
{"type":"screen-updated","file":"/Users/ralphzipf/Library/Mobile Documents/com~apple~CloudDocs/Projekte/Spiele/Schnipseljagt/.superpowers/brainstorm/3098-1776598360/content/coin-v2.html"}
{"type":"server-stopped","reason":"idle timeout"}
